Determining if the pthread_create exist failed with the following output:
Change Dir: /home/rover-avvb/catkin_ws/build/CMakeFiles/CMakeTmp

Run Build Command:"/usr/bin/make" "cmTC_ea628/fast"
/usr/bin/make -f CMakeFiles/cmTC_ea628.dir/build.make CMakeFiles/cmTC_ea628.dir/build
make[1]: Entering directory '/home/rover-avvb/catkin_ws/build/CMakeFiles/CMakeTmp'
Building C object CMakeFiles/cmTC_ea628.dir/CheckSymbolExists.c.o
/usr/bin/cc    -o CMakeFiles/cmTC_ea628.dir/CheckSymbolExists.c.o   -c /home/rover-avvb/catkin_ws/build/CMakeFiles/CMakeTmp/CheckSymbolExists.c
Linking C executable cmTC_ea628
/usr/bin/cmake -E cmake_link_script CMakeFiles/cmTC_ea628.dir/link.txt --verbose=1
/usr/bin/cc      -rdynamic CMakeFiles/cmTC_ea628.dir/CheckSymbolExists.c.o  -o cmTC_ea628 
CMakeFiles/cmTC_ea628.dir/CheckSymbolExists.c.o: In function `main':
CheckSymbolExists.c:(.text+0x14): undefined reference to `pthread_create'
CheckSymbolExists.c:(.text+0x18): undefined reference to `pthread_create'
collect2: error: ld returned 1 exit status
CMakeFiles/cmTC_ea628.dir/build.make:97: recipe for target 'cmTC_ea628' failed
make[1]: *** [cmTC_ea628] Error 1
make[1]: Leaving directory '/home/rover-avvb/catkin_ws/build/CMakeFiles/CMakeTmp'
Makefile:126: recipe for target 'cmTC_ea628/fast' failed
make: *** [cmTC_ea628/fast] Error 2

File /home/rover-avvb/catkin_ws/build/CMakeFiles/CMakeTmp/CheckSymbolExists.c:
/* */
#include <pthread.h>

int main(int argc, char** argv)
{
  (void)argv;
#ifndef pthread_create
  return ((int*)(&pthread_create))[argc];
#else
  (void)argc;
  return 0;
#endif
}

Determining if the function pthread_create exists in the pthreads failed with the following output:
Change Dir: /home/rover-avvb/catkin_ws/build/CMakeFiles/CMakeTmp

Run Build Command:"/usr/bin/make" "cmTC_1709b/fast"
/usr/bin/make -f CMakeFiles/cmTC_1709b.dir/build.make CMakeFiles/cmTC_1709b.dir/build
make[1]: Entering directory '/home/rover-avvb/catkin_ws/build/CMakeFiles/CMakeTmp'
Building C object CMakeFiles/cmTC_1709b.dir/CheckFunctionExists.c.o
/usr/bin/cc   -DCHECK_FUNCTION_EXISTS=pthread_create   -o CMakeFiles/cmTC_1709b.dir/CheckFunctionExists.c.o   -c /usr/share/cmake-3.10/Modules/CheckFunctionExists.c
Linking C executable cmTC_1709b
/usr/bin/cmake -E cmake_link_script CMakeFiles/cmTC_1709b.dir/link.txt --verbose=1
/usr/bin/cc  -DCHECK_FUNCTION_EXISTS=pthread_create    -rdynamic CMakeFiles/cmTC_1709b.dir/CheckFunctionExists.c.o  -o cmTC_1709b -lpthreads 
/usr/bin/ld: cannot find -lpthreads
collect2: error: ld returned 1 exit status
CMakeFiles/cmTC_1709b.dir/build.make:97: recipe for target 'cmTC_1709b' failed
make[1]: *** [cmTC_1709b] Error 1
make[1]: Leaving directory '/home/rover-avvb/catkin_ws/build/CMakeFiles/CMakeTmp'
Makefile:126: recipe for target 'cmTC_1709b/fast' failed
make: *** [cmTC_1709b/fast] Error 2


